
**** Build of configuration Debug for project blinky_MSP_EXP432E401Y_nortos_ccs ****

"D:\\ti\\ccs930\\ccs\\utils\\bin\\gmake" -k -j 4 all -O 
 
Building file: "../ccs/startup_msp432e401y_ccs.c"
Invoking: ARM Compiler
"D:/ti/ccs930/ccs/tools/compiler/ti-cgt-arm_18.12.4.LTS/bin/armcl" -mv7M4 --code_state=16 --float_support=FPv4SPD16 -me --include_path="D:/ti/project/mqtt/blinky_MSP_EXP432E401Y_nortos_ccs" --include_path="D:/ti/simplelink_msp432e4_sdk_3_40_01_02/source" --include_path="D:/ti/simplelink_msp432e4_sdk_3_40_01_02/source/third_party/CMSIS/Include" --include_path="D:/ti/simplelink_msp432e4_sdk_3_40_01_02/source/ti/net/bsd" --include_path="D:/ti/ccs930/ccs/tools/compiler/ti-cgt-arm_18.12.4.LTS/include" --advice:power=none --define=DeviceFamily_MSP432E4 --define=__MSP432E401Y__ -g --diag_warning=225 --diag_warning=255 --diag_wrap=off --display_error_number --gen_func_subsections=on --preproc_with_compile --preproc_dependency="ccs/startup_msp432e401y_ccs.d_raw" --obj_directory="ccs"  "../ccs/startup_msp432e401y_ccs.c"
Finished building: "../ccs/startup_msp432e401y_ccs.c"
 
Building file: "../blinky.c"
Invoking: ARM Compiler
"D:/ti/ccs930/ccs/tools/compiler/ti-cgt-arm_18.12.4.LTS/bin/armcl" -mv7M4 --code_state=16 --float_support=FPv4SPD16 -me --include_path="D:/ti/project/mqtt/blinky_MSP_EXP432E401Y_nortos_ccs" --include_path="D:/ti/simplelink_msp432e4_sdk_3_40_01_02/source" --include_path="D:/ti/simplelink_msp432e4_sdk_3_40_01_02/source/third_party/CMSIS/Include" --include_path="D:/ti/simplelink_msp432e4_sdk_3_40_01_02/source/ti/net/bsd" --include_path="D:/ti/ccs930/ccs/tools/compiler/ti-cgt-arm_18.12.4.LTS/include" --advice:power=none --define=DeviceFamily_MSP432E4 --define=__MSP432E401Y__ -g --diag_warning=225 --diag_warning=255 --diag_wrap=off --display_error_number --gen_func_subsections=on --preproc_with_compile --preproc_dependency="blinky.d_raw"  "../blinky.c"
Finished building: "../blinky.c"
 
Building file: "../system_msp432e401y.c"
Invoking: ARM Compiler
"D:/ti/ccs930/ccs/tools/compiler/ti-cgt-arm_18.12.4.LTS/bin/armcl" -mv7M4 --code_state=16 --float_support=FPv4SPD16 -me --include_path="D:/ti/project/mqtt/blinky_MSP_EXP432E401Y_nortos_ccs" --include_path="D:/ti/simplelink_msp432e4_sdk_3_40_01_02/source" --include_path="D:/ti/simplelink_msp432e4_sdk_3_40_01_02/source/third_party/CMSIS/Include" --include_path="D:/ti/simplelink_msp432e4_sdk_3_40_01_02/source/ti/net/bsd" --include_path="D:/ti/ccs930/ccs/tools/compiler/ti-cgt-arm_18.12.4.LTS/include" --advice:power=none --define=DeviceFamily_MSP432E4 --define=__MSP432E401Y__ -g --diag_warning=225 --diag_warning=255 --diag_wrap=off --display_error_number --gen_func_subsections=on --preproc_with_compile --preproc_dependency="system_msp432e401y.d_raw"  "../system_msp432e401y.c"
Finished building: "../system_msp432e401y.c"
 
Building target: "blinky_MSP_EXP432E401Y_nortos_ccs.out"
Invoking: ARM Linker
"D:/ti/ccs930/ccs/tools/compiler/ti-cgt-arm_18.12.4.LTS/bin/armcl" -mv7M4 --code_state=16 --float_support=FPv4SPD16 -me --advice:power=none --define=DeviceFamily_MSP432E4 --define=__MSP432E401Y__ -g --diag_warning=225 --diag_warning=255 --diag_wrap=off --display_error_number --gen_func_subsections=on -z -m"blinky_MSP_EXP432E401Y_nortos_ccs.map" --stack_size=512 -i"D:/ti/simplelink_msp432e4_sdk_3_40_01_02/source" -i"D:/ti/ccs930/ccs/tools/compiler/ti-cgt-arm_18.12.4.LTS/lib" --diag_wrap=off --display_error_number --warn_sections --xml_link_info="blinky_MSP_EXP432E401Y_nortos_ccs_linkInfo.xml" --rom_model -o "blinky_MSP_EXP432E401Y_nortos_ccs.out" "./blinky.obj" "./system_msp432e401y.obj" "./ccs/startup_msp432e401y_ccs.obj" "../msp432e401y.cmd"  -l"ti/display/lib/display.aem4f" -l"ti/grlib/lib/ccs/m4f/grlib.a" -l"third_party/spiffs/lib/ccs/m4f/spiffs.a" -l"ti/drivers/lib/drivers_msp432e4.aem4f" -l"third_party/fatfs/lib/ccs/m4f/fatfs.a" -l"ti/devices/msp432e4/driverlib/lib/ccs/m4f/msp432e4_driverlib.a" -llibc.a 
<Linking>
Finished building target: "blinky_MSP_EXP432E401Y_nortos_ccs.out"
 

**** Build Finished ****
